<?xml version="1.0" encoding="UTF-8"?>
<testsuite name="com.example.userservice.validation.EmailValidatorTest" tests="7" skipped="0" failures="0" errors="0" timestamp="2025-08-13T16:57:39" hostname="MSI" time="0.004">
  <properties/>
  <testcase name="isValid_NullEmail_ReturnsFalse()" classname="com.example.userservice.validation.EmailValidatorTest" time="0.001"/>
  <testcase name="isValid_InvalidEmailMissingDot_ReturnsFalse()" classname="com.example.userservice.validation.EmailValidatorTest" time="0.0"/>
  <testcase name="isValid_EmptyEmail_ReturnsFalse()" classname="com.example.userservice.validation.EmailValidatorTest" time="0.0"/>
  <testcase name="isValid_InvalidEmailMissingAtSymbol_ReturnsFalse()" classname="com.example.userservice.validation.EmailValidatorTest" time="0.0"/>
  <testcase name="isValid_ValidEmailWithNumbers_ReturnsTrue()" classname="com.example.userservice.validation.EmailValidatorTest" time="0.0"/>
  <testcase name="isValid_ValidEmail_ReturnsTrue()" classname="com.example.userservice.validation.EmailValidatorTest" time="0.0"/>
  <testcase name="isValid_InvalidEmailWithSpecialChars_ReturnsFalse()" classname="com.example.userservice.validation.EmailValidatorTest" time="0.0"/>
  <system-out><![CDATA[]]></system-out>
  <system-err><![CDATA[]]></system-err>
</testsuite>
