<?xml version="1.0" encoding="UTF-8"?>
<testsuite name="com.example.userservice.service.UserServiceTest" tests="6" skipped="0" failures="0" errors="0" timestamp="2025-08-13T16:57:39" hostname="MSI" time="0.181">
  <properties/>
  <testcase name="createUser_UserAlreadyExists_ThrowsException()" classname="com.example.userservice.service.UserServiceTest" time="0.153"/>
  <testcase name="createUser_Success()" classname="com.example.userservice.service.UserServiceTest" time="0.006"/>
  <testcase name="createUser_WithNullPhones_Success()" classname="com.example.userservice.service.UserServiceTest" time="0.004"/>
  <testcase name="loginUser_UserNotFound_ThrowsException()" classname="com.example.userservice.service.UserServiceTest" time="0.006"/>
  <testcase name="loginUser_InvalidToken_ThrowsException()" classname="com.example.userservice.service.UserServiceTest" time="0.003"/>
  <testcase name="loginUser_Success()" classname="com.example.userservice.service.UserServiceTest" time="0.005"/>
  <system-out><![CDATA[]]></system-out>
  <system-err><![CDATA[]]></system-err>
</testsuite>
