<?xml version="1.0" encoding="UTF-8"?>
<testsuite name="com.example.userservice.controller.UserControllerTest" tests="3" skipped="0" failures="0" errors="0" timestamp="2025-08-13T16:57:38" hostname="MSI" time="0.551">
  <properties/>
  <testcase name="signUp_InvalidEmail_ReturnsBadRequest()" classname="com.example.userservice.controller.UserControllerTest" time="0.488"/>
  <testcase name="login_InvalidToken_ReturnsNotFound()" classname="com.example.userservice.controller.UserControllerTest" time="0.039"/>
  <testcase name="login_ValidToken_ReturnsUser()" classname="com.example.userservice.controller.UserControllerTest" time="0.022"/>
  <system-out><![CDATA[12:57:34.732 [Test worker] DEBUG org.springframework.test.context.BootstrapUtils - Instantiating CacheAwareContextLoaderDelegate from class [org.springframework.test.context.cache.DefaultCacheAwareContextLoaderDelegate]
12:57:34.757 [Test worker] DEBUG org.springframework.test.context.BootstrapUtils - Instantiating BootstrapContext using constructor [public org.springframework.test.context.support.DefaultBootstrapContext(java.lang.Class,org.springframework.test.context.CacheAwareContextLoaderDelegate)]
12:57:34.825 [Test worker] DEBUG org.springframework.test.context.BootstrapUtils - Instantiating TestContextBootstrapper for test class [com.example.userservice.controller.UserControllerTest] from class [org.springframework.boot.test.autoconfigure.web.servlet.WebMvcTestContextBootstrapper]
12:57:34.845 [Test worker] INFO org.springframework.boot.test.autoconfigure.web.servlet.WebMvcTestContextBootstrapper - Neither @ContextConfiguration nor @ContextHierarchy found for test class [com.example.userservice.controller.UserControllerTest], using SpringBootContextLoader
12:57:34.853 [Test worker] DEBUG org.springframework.test.context.support.AbstractContextLoader - Did not detect default resource location for test class [com.example.userservice.controller.UserControllerTest]: class path resource [com/example/userservice/controller/UserControllerTest-context.xml] does not exist
12:57:34.854 [Test worker] DEBUG org.springframework.test.context.support.AbstractContextLoader - Did not detect default resource location for test class [com.example.userservice.controller.UserControllerTest]: class path resource [com/example/userservice/controller/UserControllerTestContext.groovy] does not exist
12:57:34.854 [Test worker] INFO org.springframework.test.context.support.AbstractContextLoader - Could not detect default resource locations for test class [com.example.userservice.controller.UserControllerTest]: no resource found for suffixes {-context.xml, Context.groovy}.
12:57:34.855 [Test worker] INFO org.springframework.test.context.support.AnnotationConfigContextLoaderUtils - Could not detect default configuration classes for test class [com.example.userservice.controller.UserControllerTest]: UserControllerTest does not declare any static, non-private, non-final, nested classes annotated with @Configuration.
12:57:34.972 [Test worker] DEBUG org.springframework.test.context.support.ActiveProfilesUtils - Could not find an 'annotation declaring class' for annotation type [org.springframework.test.context.ActiveProfiles] and class [com.example.userservice.controller.UserControllerTest]
12:57:35.104 [Test worker] DEBUG org.springframework.context.annotation.ClassPathScanningCandidateComponentProvider - Identified candidate component class: file [C:\Users\oscar\Documents\test\project\build\classes\java\main\com\example\userservice\UserServiceApplication.class]
12:57:35.106 [Test worker] INFO org.springframework.boot.test.context.SpringBootTestContextBootstrapper - Found @SpringBootConfiguration com.example.userservice.UserServiceApplication for test class com.example.userservice.controller.UserControllerTest
12:57:35.110 [Test worker] DEBUG org.springframework.boot.test.autoconfigure.web.servlet.WebMvcTestContextBootstrapper - @TestExecutionListeners is not present for class [com.example.userservice.controller.UserControllerTest]: using defaults.
12:57:35.111 [Test worker] INFO org.springframework.boot.test.autoconfigure.web.servlet.WebMvcTestContextBootstrapper - Loaded default TestExecutionListener class names from location [META-INF/spring.factories]: [org.springframework.security.test.context.support.WithSecurityContextTestExecutionListener, org.springframework.security.test.context.support.ReactorContextTestExecutionListener, org.springframework.boot.test.autoconfigure.restdocs.RestDocsTestExecutionListener, org.springframework.boot.test.autoconfigure.web.client.MockRestServiceServerResetTestExecutionListener, org.springframework.boot.test.autoconfigure.web.servlet.MockMvcPrintOnlyOnFailureTestExecutionListener, org.springframework.boot.test.autoconfigure.web.servlet.WebDriverTestExecutionListener, org.springframework.boot.test.autoconfigure.webservices.client.MockWebServiceServerTestExecutionListener, org.springframework.boot.test.mock.mockito.MockitoTestExecutionListener, org.springframework.boot.test.mock.mockito.ResetMocksTestExecutionListener, org.springframework.test.context.web.ServletTestExecutionListener, org.springframework.test.context.support.DirtiesContextBeforeModesTestExecutionListener, org.springframework.test.context.event.ApplicationEventsTestExecutionListener, org.springframework.test.context.support.DependencyInjectionTestExecutionListener, org.springframework.test.context.support.DirtiesContextTestExecutionListener, org.springframework.test.context.transaction.TransactionalTestExecutionListener, org.springframework.test.context.jdbc.SqlScriptsTestExecutionListener, org.springframework.test.context.event.EventPublishingTestExecutionListener]
12:57:35.157 [Test worker] INFO org.springframework.boot.test.autoconfigure.web.servlet.WebMvcTestContextBootstrapper - Using TestExecutionListeners: [org.springframework.test.context.web.ServletTestExecutionListener@3c0e00a8, org.springframework.test.context.support.DirtiesContextBeforeModesTestExecutionListener@1860f3be, org.springframework.test.context.event.ApplicationEventsTestExecutionListener@6cd15072, org.springframework.boot.test.mock.mockito.MockitoTestExecutionListener@78cfa264, org.springframework.boot.test.autoconfigure.SpringBootDependencyInjectionTestExecutionListener@3408f695, org.springframework.test.context.support.DirtiesContextTestExecutionListener@2b6a0ea9, org.springframework.test.context.transaction.TransactionalTestExecutionListener@4dde8976, org.springframework.test.context.jdbc.SqlScriptsTestExecutionListener@4887de2b, org.springframework.security.test.context.support.WithSecurityContextTestExecutionListener@3b4825f0, org.springframework.test.context.event.EventPublishingTestExecutionListener@40ac6b76, org.springframework.security.test.context.support.ReactorContextTestExecutionListener@7980cf2c, org.springframework.boot.test.autoconfigure.restdocs.RestDocsTestExecutionListener@f0020b1, org.springframework.boot.test.autoconfigure.web.client.MockRestServiceServerResetTestExecutionListener@759de304, org.springframework.boot.test.autoconfigure.web.servlet.MockMvcPrintOnlyOnFailureTestExecutionListener@5649d11a, org.springframework.boot.test.autoconfigure.web.servlet.WebDriverTestExecutionListener@294f9d50, org.springframework.boot.test.autoconfigure.webservices.client.MockWebServiceServerTestExecutionListener@27443560, org.springframework.boot.test.mock.mockito.ResetMocksTestExecutionListener@3ddb774f]
12:57:35.166 [Test worker] DEBUG org.springframework.test.context.support.AbstractDirtiesContextTestExecutionListener - Before test class: context [DefaultTestContext@5dcd0cdf testClass = UserControllerTest, testInstance = [null], testMethod = [null], testException = [null], mergedContextConfiguration = [WebMergedContextConfiguration@4fb04a72 testClass = UserControllerTest, locations = '{}', classes = '{class com.example.userservice.UserServiceApplication}', contextInitializerClasses = '[]', activeProfiles = '{}', propertySourceLocations = '{}', propertySourceProperties = '{org.springframework.boot.test.autoconfigure.web.servlet.WebMvcTestContextBootstrapper=true}', contextCustomizers = set[org.springframework.boot.test.autoconfigure.OverrideAutoConfigurationContextCustomizerFactory$DisableAutoConfigurationContextCustomizer@54e02f6a, org.springframework.boot.test.autoconfigure.actuate.metrics.MetricsExportContextCustomizerFactory$DisableMetricExportContextCustomizer@254f906e, org.springframework.boot.test.autoconfigure.filter.TypeExcludeFiltersContextCustomizer@4d64cc65, org.springframework.boot.test.autoconfigure.properties.PropertyMappingContextCustomizer@e91cc345, org.springframework.boot.test.autoconfigure.web.servlet.WebDriverContextCustomizerFactory$Customizer@77865933, [ImportsContextCustomizer@1e79d43 key = [org.springframework.boot.autoconfigure.cache.CacheAutoConfiguration, org.springframework.boot.autoconfigure.context.MessageSourceAutoConfiguration, org.springframework.boot.autoconfigure.data.web.SpringDataWebAutoConfiguration, org.springframework.boot.autoconfigure.freemarker.FreeMarkerAutoConfiguration, org.springframework.boot.autoconfigure.groovy.template.GroovyTemplateAutoConfiguration, org.springframework.boot.autoconfigure.gson.GsonAutoConfiguration, org.springframework.boot.autoconfigure.hateoas.HypermediaAutoConfiguration, org.springframework.boot.autoconfigure.http.HttpMessageConvertersAutoConfiguration, org.springframework.boot.autoconfigure.jackson.JacksonAutoConfiguration, org.springframework.boot.autoconfigure.jsonb.JsonbAutoConfiguration, org.springframework.boot.autoconfigure.mustache.MustacheAutoConfiguration, org.springframework.boot.autoconfigure.task.TaskExecutionAutoConfiguration, org.springframework.boot.autoconfigure.thymeleaf.ThymeleafAutoConfiguration, org.springframework.boot.autoconfigure.validation.ValidationAutoConfiguration, org.springframework.boot.autoconfigure.web.servlet.error.ErrorMvcAutoConfiguration, org.springframework.boot.autoconfigure.web.servlet.HttpEncodingAutoConfiguration, org.springframework.boot.autoconfigure.web.servlet.WebMvcAutoConfiguration, org.springframework.boot.test.autoconfigure.web.servlet.MockMvcAutoConfiguration, org.springframework.boot.test.autoconfigure.web.servlet.MockMvcWebClientAutoConfiguration, org.springframework.boot.test.autoconfigure.web.servlet.MockMvcWebDriverAutoConfiguration, org.springframework.boot.autoconfigure.security.oauth2.client.servlet.OAuth2ClientAutoConfiguration, org.springframework.boot.autoconfigure.security.oauth2.resource.servlet.OAuth2ResourceServerAutoConfiguration, org.springframework.boot.autoconfigure.security.servlet.SecurityAutoConfiguration, org.springframework.boot.autoconfigure.security.servlet.SecurityFilterAutoConfiguration, org.springframework.boot.autoconfigure.security.servlet.UserDetailsServiceAutoConfiguration, org.springframework.boot.test.autoconfigure.web.servlet.MockMvcSecurityConfiguration]], org.springframework.boot.test.context.filter.ExcludeFilterContextCustomizer@6f231ced, org.springframework.boot.test.json.DuplicateJsonObjectContextCustomizerFactory$DuplicateJsonObjectContextCustomizer@a4b5ce3, org.springframework.boot.test.mock.mockito.MockitoContextCustomizer@1a746373, org.springframework.boot.test.context.SpringBootTestArgs@1, org.springframework.boot.test.context.SpringBootTestWebEnvironment@0], resourceBasePath = 'src/main/webapp', contextLoader = 'org.springframework.boot.test.context.SpringBootContextLoader', parent = [null]], attributes = map[[empty]]], class annotated with @DirtiesContext [false] with mode [null].

  .   ____          _            __ _ _
 /\\ / ___'_ __ _ _(_)_ __  __ _ \ \ \ \
( ( )\___ | '_ | '_| | '_ \/ _` | \ \ \ \
 \\/  ___)| |_)| | | | | || (_| |  ) ) ) )
  '  |____| .__|_| |_|_| |_\__, | / / / /
 =========|_|==============|___/=/_/_/_/
 :: Spring Boot ::               (v2.5.14)

2025-08-13 12:57:35.782  INFO 7012 --- [    Test worker] c.e.u.controller.UserControllerTest      : Starting UserControllerTest using Java 17.0.8.1 on MSI with PID 7012 (started by oscar in C:\Users\oscar\Documents\test\project)
2025-08-13 12:57:35.785 DEBUG 7012 --- [    Test worker] c.e.u.controller.UserControllerTest      : Running with Spring Boot v2.5.14, Spring v5.3.20
2025-08-13 12:57:35.786  INFO 7012 --- [    Test worker] c.e.u.controller.UserControllerTest      : No active profile set, falling back to 1 default profile: "default"
2025-08-13 12:57:37.620  WARN 7012 --- [    Test worker] .s.s.UserDetailsServiceAutoConfiguration : 

Using generated security password: b2da79ef-5648-4903-8af6-382ef6f15de4

This generated password is for development use only. Your security configuration must be updated before running your application in production.

2025-08-13 12:57:37.810 DEBUG 7012 --- [    Test worker] edFilterInvocationSecurityMetadataSource : Adding web access control expression [permitAll] for Ant [pattern='/api/sign-up']
2025-08-13 12:57:37.811 DEBUG 7012 --- [    Test worker] edFilterInvocationSecurityMetadataSource : Adding web access control expression [permitAll] for Ant [pattern='/api/login']
2025-08-13 12:57:37.811 DEBUG 7012 --- [    Test worker] edFilterInvocationSecurityMetadataSource : Adding web access control expression [permitAll] for Ant [pattern='/h2-console/**']
2025-08-13 12:57:37.812 DEBUG 7012 --- [    Test worker] edFilterInvocationSecurityMetadataSource : Adding web access control expression [authenticated] for any request
2025-08-13 12:57:37.828  INFO 7012 --- [    Test worker] o.s.s.web.DefaultSecurityFilterChain     : Will not secure any request
2025-08-13 12:57:38.479  INFO 7012 --- [    Test worker] o.s.b.t.m.w.SpringBootMockServletContext : Initializing Spring TestDispatcherServlet ''
2025-08-13 12:57:38.479  INFO 7012 --- [    Test worker] o.s.t.web.servlet.TestDispatcherServlet  : Initializing Servlet ''
2025-08-13 12:57:38.481  INFO 7012 --- [    Test worker] o.s.t.web.servlet.TestDispatcherServlet  : Completed initialization in 2 ms
2025-08-13 12:57:38.517  INFO 7012 --- [    Test worker] c.e.u.controller.UserControllerTest      : Started UserControllerTest in 3.279 seconds (JVM running for 5.297)
2025-08-13 12:57:38.644 DEBUG 7012 --- [    Test worker] o.s.security.web.FilterChainProxy        : Securing POST /api/sign-up
2025-08-13 12:57:38.649 DEBUG 7012 --- [    Test worker] s.s.w.c.SecurityContextPersistenceFilter : Set SecurityContextHolder to empty SecurityContext
2025-08-13 12:57:38.653 DEBUG 7012 --- [    Test worker] o.s.s.w.a.AnonymousAuthenticationFilter  : Set SecurityContextHolder to anonymous SecurityContext
2025-08-13 12:57:38.663 DEBUG 7012 --- [    Test worker] o.s.s.w.a.i.FilterSecurityInterceptor    : Authorized filter invocation [POST /api/sign-up] with attributes [permitAll]
2025-08-13 12:57:38.663 DEBUG 7012 --- [    Test worker] o.s.security.web.FilterChainProxy        : Secured POST /api/sign-up
2025-08-13 12:57:38.930 DEBUG 7012 --- [    Test worker] s.s.w.c.SecurityContextPersistenceFilter : Cleared SecurityContextHolder to complete request
2025-08-13 12:57:39.035 DEBUG 7012 --- [    Test worker] o.s.security.web.FilterChainProxy        : Securing GET /api/login
2025-08-13 12:57:39.035 DEBUG 7012 --- [    Test worker] s.s.w.c.SecurityContextPersistenceFilter : Set SecurityContextHolder to empty SecurityContext
2025-08-13 12:57:39.035 DEBUG 7012 --- [    Test worker] o.s.s.w.a.AnonymousAuthenticationFilter  : Set SecurityContextHolder to anonymous SecurityContext
2025-08-13 12:57:39.036 DEBUG 7012 --- [    Test worker] o.s.s.w.a.i.FilterSecurityInterceptor    : Authorized filter invocation [GET /api/login] with attributes [permitAll]
2025-08-13 12:57:39.036 DEBUG 7012 --- [    Test worker] o.s.security.web.FilterChainProxy        : Secured GET /api/login
2025-08-13 12:57:39.051 DEBUG 7012 --- [    Test worker] s.s.w.c.SecurityContextPersistenceFilter : Cleared SecurityContextHolder to complete request
2025-08-13 12:57:39.067 DEBUG 7012 --- [    Test worker] o.s.security.web.FilterChainProxy        : Securing GET /api/login
2025-08-13 12:57:39.067 DEBUG 7012 --- [    Test worker] s.s.w.c.SecurityContextPersistenceFilter : Set SecurityContextHolder to empty SecurityContext
2025-08-13 12:57:39.068 DEBUG 7012 --- [    Test worker] o.s.s.w.a.AnonymousAuthenticationFilter  : Set SecurityContextHolder to anonymous SecurityContext
2025-08-13 12:57:39.068 DEBUG 7012 --- [    Test worker] o.s.s.w.a.i.FilterSecurityInterceptor    : Authorized filter invocation [GET /api/login] with attributes [permitAll]
2025-08-13 12:57:39.068 DEBUG 7012 --- [    Test worker] o.s.security.web.FilterChainProxy        : Secured GET /api/login
2025-08-13 12:57:39.077 DEBUG 7012 --- [    Test worker] s.s.w.c.SecurityContextPersistenceFilter : Cleared SecurityContextHolder to complete request
]]></system-out>
  <system-err><![CDATA[]]></system-err>
</testsuite>
