<?xml version="1.0" encoding="UTF-8"?>
<testsuite name="com.example.userservice.validation.PasswordValidatorTest" tests="10" skipped="0" failures="0" errors="0" timestamp="2025-08-13T16:57:39" hostname="MSI" time="0.004">
  <properties/>
  <testcase name="isValid_NullPassword_ReturnsFalse()" classname="com.example.userservice.validation.PasswordValidatorTest" time="0.0"/>
  <testcase name="isValid_InvalidPasswordTwoUppercase_ReturnsFalse()" classname="com.example.userservice.validation.PasswordValidatorTest" time="0.001"/>
  <testcase name="isValid_ValidPassword_ReturnsTrue()" classname="com.example.userservice.validation.PasswordValidatorTest" time="0.0"/>
  <testcase name="isValid_InvalidPasswordNoUppercase_ReturnsFalse()" classname="com.example.userservice.validation.PasswordValidatorTest" time="0.0"/>
  <testcase name="isValid_InvalidPasswordTooShort_ReturnsFalse()" classname="com.example.userservice.validation.PasswordValidatorTest" time="0.0"/>
  <testcase name="isValid_InvalidPasswordThreeDigits_ReturnsFalse()" classname="com.example.userservice.validation.PasswordValidatorTest" time="0.0"/>
  <testcase name="isValid_ValidPasswordMaxLength_ReturnsTrue()" classname="com.example.userservice.validation.PasswordValidatorTest" time="0.001"/>
  <testcase name="isValid_ValidPasswordMinLength_ReturnsTrue()" classname="com.example.userservice.validation.PasswordValidatorTest" time="0.0"/>
  <testcase name="isValid_InvalidPasswordTooLong_ReturnsFalse()" classname="com.example.userservice.validation.PasswordValidatorTest" time="0.0"/>
  <testcase name="isValid_InvalidPasswordOneDigit_ReturnsFalse()" classname="com.example.userservice.validation.PasswordValidatorTest" time="0.0"/>
  <system-out><![CDATA[]]></system-out>
  <system-err><![CDATA[]]></system-err>
</testsuite>
